{
  "summary": {
    "outcome": "Failed",
    "testsRan": 1,
    "passing": 0,
    "failing": 1,
    "skipped": 0,
    "passRate": "0%",
    "failRate": "100%",
    "skipRate": "0%",
    "testStartTime": "Thu Feb 03 2022 15:46:34",
    "testExecutionTimeInMs": 0,
    "testTotalTimeInMs": 0,
    "commandTimeInMs": 143,
    "hostname": "https://resilient-bear-pv52xd-dev-ed.my.salesforce.com",
    "orgId": "00D7Q000003RHoXUAW",
    "username": "faiz.mouna@resilient-bear-pv52xd.com",
    "testRunId": "7077Q000007mTgX",
    "userId": "0057Q000002d9FoQAI"
  },
  "tests": [
    {
      "id": "07M7Q0000000gKOUAY",
      "queueItemId": "7097Q0000004OJhQAM",
      "stackTrace": "Class.TestUpdateAccountCA.Setup: line 21, column 1",
      "message": "System.DmlException: Insert failed. First exception on row 0; first error: REQUIRED_FIELD_MISSING, Required fields are missing: [EffectiveDate, Status]: [EffectiveDate, Status]",
      "asyncApexJobId": "7077Q000007mTgXQAU",
      "methodName": "test",
      "outcome": "Fail",
      "apexLogId": null,
      "apexClass": {
        "id": "01p7Q000009TSNXQA4",
        "name": "TestUpdateAccountCA",
        "namespacePrefix": null,
        "fullName": "TestUpdateAccountCA"
      },
      "runTime": 0,
      "testTimestamp": "2022-02-03T14:46:35.000+0000",
      "fullName": "TestUpdateAccountCA.test",
      "diagnostic": {
        "exceptionMessage": "System.DmlException: Insert failed. First exception on row 0; first error: REQUIRED_FIELD_MISSING, Required fields are missing: [EffectiveDate, Status]: [EffectiveDate, Status]",
        "exceptionStackTrace": "Class.TestUpdateAccountCA.Setup: line 21, column 1",
        "className": "TestUpdateAccountCA",
        "compileProblem": "",
        "lineNumber": 21,
        "columnNumber": 1
      }
    }
  ]
}