{
  "summary": {
    "outcome": "Failed",
    "testsRan": 1,
    "passing": 0,
    "failing": 1,
    "skipped": 0,
    "passRate": "0%",
    "failRate": "100%",
    "skipRate": "0%",
    "testStartTime": "Thu Feb 03 2022 17:17:11",
    "testExecutionTimeInMs": 204,
    "testTotalTimeInMs": 204,
    "commandTimeInMs": 127,
    "hostname": "https://resilient-bear-pv52xd-dev-ed.my.salesforce.com",
    "orgId": "00D7Q000003RHoXUAW",
    "username": "faiz.mouna@resilient-bear-pv52xd.com",
    "testRunId": "7077Q000008FyYT",
    "userId": "0057Q000002d9FoQAI"
  },
  "tests": [
    {
      "id": "07M7Q0000000gO2UAI",
      "queueItemId": "7097Q0000004OKpQAM",
      "stackTrace": "Class.TestUpdateAccountCA.test: line 38, column 1",
      "message": "System.AssertException: Assertion Failed: Expected: 20150, Actual: 21500",
      "asyncApexJobId": "7077Q000008FyYTQA0",
      "methodName": "test",
      "outcome": "Fail",
      "apexLogId": "07L7Q00000042emUAA",
      "apexClass": {
        "id": "01p7Q000009TSNXQA4",
        "name": "TestUpdateAccountCA",
        "namespacePrefix": null,
        "fullName": "TestUpdateAccountCA"
      },
      "runTime": 204,
      "testTimestamp": "2022-02-03T16:17:12.000+0000",
      "fullName": "TestUpdateAccountCA.test",
      "diagnostic": {
        "exceptionMessage": "System.AssertException: Assertion Failed: Expected: 20150, Actual: 21500",
        "exceptionStackTrace": "Class.TestUpdateAccountCA.test: line 38, column 1",
        "className": "TestUpdateAccountCA",
        "compileProblem": "",
        "lineNumber": 38,
        "columnNumber": 1
      }
    }
  ]
}