{
  "summary": {
    "outcome": "Failed",
    "testsRan": 1,
    "passing": 0,
    "failing": 1,
    "skipped": 0,
    "passRate": "0%",
    "failRate": "100%",
    "skipRate": "0%",
    "testStartTime": "Thu Feb 03 2022 17:03:48",
    "testExecutionTimeInMs": 0,
    "testTotalTimeInMs": 0,
    "commandTimeInMs": 117,
    "hostname": "https://resilient-bear-pv52xd-dev-ed.my.salesforce.com",
    "orgId": "00D7Q000003RHoXUAW",
    "username": "faiz.mouna@resilient-bear-pv52xd.com",
    "testRunId": "7077Q000008FwIy",
    "userId": "0057Q000002d9FoQAI"
  },
  "tests": [
    {
      "id": "07M7Q0000000gNXUAY",
      "queueItemId": "7097Q0000004OKVQA2",
      "stackTrace": "Class.TestUpdateAccountCA.Setup: line 18, column 1",
      "message": "System.DmlException: Insert failed. First exception on row 0; first error: REQUIRED_FIELD_MISSING, Required fields are missing: [PricebookEntryId]: [PricebookEntryId]",
      "asyncApexJobId": "7077Q000008FwIyQAK",
      "methodName": "test",
      "outcome": "Fail",
      "apexLogId": null,
      "apexClass": {
        "id": "01p7Q000009TSNXQA4",
        "name": "TestUpdateAccountCA",
        "namespacePrefix": null,
        "fullName": "TestUpdateAccountCA"
      },
      "runTime": 0,
      "testTimestamp": "2022-02-03T16:03:48.000+0000",
      "fullName": "TestUpdateAccountCA.test",
      "diagnostic": {
        "exceptionMessage": "System.DmlException: Insert failed. First exception on row 0; first error: REQUIRED_FIELD_MISSING, Required fields are missing: [PricebookEntryId]: [PricebookEntryId]",
        "exceptionStackTrace": "Class.TestUpdateAccountCA.Setup: line 18, column 1",
        "className": "TestUpdateAccountCA",
        "compileProblem": "",
        "lineNumber": 18,
        "columnNumber": 1
      }
    }
  ]
}